c:\users\topkoong\documents\visual studio 2017\projects\ood project2\xmldocument\debug\xmldocument.pdb
c:\users\topkoong\documents\visual studio 2017\projects\ood project2\xmldocument\debug\xmldocument.idb
c:\users\topkoong\documents\visual studio 2017\projects\ood project2\xmldocument\debug\tokenizer.obj
c:\users\topkoong\documents\visual studio 2017\projects\ood project2\xmldocument\debug\xmldocument.obj
c:\users\topkoong\documents\visual studio 2017\projects\ood project2\xmldocument\debug\xmlelement.obj
c:\users\topkoong\documents\visual studio 2017\projects\ood project2\xmldocument\debug\xmlelementparts.obj
c:\users\topkoong\documents\visual studio 2017\projects\ood project2\xmldocument\debug\xmlparser.obj
c:\users\topkoong\documents\visual studio 2017\projects\ood project2\debug\xmldocument.lib
c:\users\topkoong\documents\visual studio 2017\projects\repositorycore\xmldocument\debug\tokenizer.obj
c:\users\topkoong\documents\visual studio 2017\projects\repositorycore\xmldocument\debug\xmldocument.obj
c:\users\topkoong\documents\visual studio 2017\projects\repositorycore\xmldocument\debug\xmlelement.obj
c:\users\topkoong\documents\visual studio 2017\projects\repositorycore\xmldocument\debug\xmlelementparts.obj
c:\users\topkoong\documents\visual studio 2017\projects\repositorycore\xmldocument\debug\xmlparser.obj
c:\users\topkoong\documents\visual studio 2017\projects\repositorycore\xmldocument\debug\xmldocument.idb
c:\users\topkoong\documents\visual studio 2017\projects\repositorycore\xmldocument\debug\xmldocument.pdb
c:\users\topkoong\documents\visual studio 2017\projects\repositorycore\debug\xmldocument.pdb
c:\users\topkoong\documents\visual studio 2017\projects\repositorycore\debug\xmldocument.lib
c:\users\topkoong\documents\visual studio 2017\projects\repositorycore\xmldocument\debug\xmldocument.tlog\cl.command.1.tlog
c:\users\topkoong\documents\visual studio 2017\projects\repositorycore\xmldocument\debug\xmldocument.tlog\cl.read.1.tlog
c:\users\topkoong\documents\visual studio 2017\projects\repositorycore\xmldocument\debug\xmldocument.tlog\cl.write.1.tlog
c:\users\topkoong\documents\visual studio 2017\projects\repositorycore\xmldocument\debug\xmldocument.tlog\lib-link.read.1.tlog
c:\users\topkoong\documents\visual studio 2017\projects\repositorycore\xmldocument\debug\xmldocument.tlog\lib-link.write.1.tlog
c:\users\topkoong\documents\visual studio 2017\projects\repositorycore\xmldocument\debug\xmldocument.tlog\lib.command.1.tlog
